2025-04-01 11:06:34,542 - Dashboard - INFO - Rendering Dashboard page
2025-04-01 11:06:34,544 - database.operations - INFO - Fetching data from database (limit: 1000, filters: None)
2025-04-01 11:06:34,545 - ConnectionDB - INFO - Creating database connection
2025-04-01 11:06:34,634 - ConnectionDB - INFO - Database connection created successfully
2025-04-01 11:06:41,861 - database.operations - INFO - Fetched 1 rows from database
2025-04-01 11:06:43,554 - database.operations - INFO - Fetching geographic statistics
2025-04-01 11:06:43,616 - ConnectionDB - INFO - Successfully connected to database: appdb on postgres
2025-04-01 11:06:43,622 - database.operations - INFO - Fetching all ABS name variants
2025-04-01 11:06:43,650 - ConnectionDB - INFO - Successfully connected to database: appdb on postgres
2025-04-01 11:06:43,662 - ConnectionDB - INFO - Creating database connection
2025-04-01 11:06:43,664 - ConnectionDB - INFO - Database connection created successfully
2025-04-01 11:06:48,278 - ConnectionDB - INFO - Creating database connection
2025-04-01 11:06:48,284 - ConnectionDB - INFO - Database connection created successfully
2025-04-01 11:06:48,349 - database.operations - INFO - Fetching data from database (limit: 500, filters: {})
2025-04-01 11:06:48,350 - ConnectionDB - INFO - Creating database connection
2025-04-01 11:06:48,353 - ConnectionDB - INFO - Database connection created successfully
2025-04-01 11:06:49,532 - database.operations - INFO - Fetched 1 rows from database
2025-04-01 11:06:49,631 - database.operations - INFO - Fetching comprehensive data for source ID: 1
2025-04-01 11:06:49,652 - ConnectionDB - INFO - Successfully connected to database: appdb on postgres
2025-04-01 11:07:42,545 - database.operations - INFO - Fetching all ABS name variants
2025-04-01 11:07:42,586 - ConnectionDB - INFO - Successfully connected to database: appdb on postgres
2025-04-01 11:07:46,576 - Dashboard - INFO - Rendering Dashboard page
2025-04-01 11:07:46,577 - database.operations - INFO - Fetching data from database (limit: 1000, filters: None)
2025-04-01 11:07:46,578 - ConnectionDB - INFO - Creating database connection
2025-04-01 11:07:46,581 - ConnectionDB - INFO - Database connection created successfully
2025-04-01 11:07:47,859 - database.operations - INFO - Fetched 1 rows from database
2025-04-01 11:07:48,058 - database.operations - INFO - Fetching geographic statistics
2025-04-01 11:07:48,083 - ConnectionDB - INFO - Successfully connected to database: appdb on postgres
2025-04-01 11:07:48,086 - database.operations - INFO - Fetching all ABS name variants
2025-04-01 11:07:48,106 - ConnectionDB - INFO - Successfully connected to database: appdb on postgres
2025-04-01 11:07:48,110 - ConnectionDB - INFO - Creating database connection
2025-04-01 11:07:48,113 - ConnectionDB - INFO - Database connection created successfully
2025-04-01 11:07:57,729 - ConnectionDB - INFO - Creating database connection
2025-04-01 11:07:57,731 - ConnectionDB - INFO - Database connection created successfully
2025-04-01 11:07:57,793 - database.operations - INFO - Fetching data from database (limit: 500, filters: {})
2025-04-01 11:07:57,795 - ConnectionDB - INFO - Creating database connection
2025-04-01 11:07:57,799 - ConnectionDB - INFO - Database connection created successfully
2025-04-01 11:07:58,919 - database.operations - INFO - Fetched 1 rows from database
2025-04-01 11:07:58,932 - database.operations - INFO - Fetching comprehensive data for source ID: 1
2025-04-01 11:07:58,962 - ConnectionDB - INFO - Successfully connected to database: appdb on postgres
